2024-12-25 15:05:35 - root - INFO - Loading BPE Model ...
2024-12-25 15:05:35 - root - INFO - Loading FastText Model ...
2024-12-25 15:05:35 - root - INFO - Model loaded from models/fasttext
2024-12-25 15:05:35 - root - INFO - Downsampling the dataset ...
2024-12-25 15:05:35 - root - INFO - Training Dataset:       id              movie   sentiment                                               text
0   9618  PlayStation5(PS5)  Irrelevant  I wish a nigga would do some shit like this......
1   4183              CS-GO  Irrelevant                                        s1mple blog
2  11662            Verizon  Irrelevant  my dad basically cant see more than 6 inches i...
3   9550          Overwatch  Irrelevant  This is my absolute favorite video of all time...
4   3079              Dota2  Irrelevant  And Nice mango farm u will probably earn a lot..., Sentiment Distribution: sentiment
Irrelevant    79
Negative      79
Neutral       79
Positive      79
Name: count, dtype: int64
2024-12-25 15:06:46 - root - INFO - Training the KNN Model ...
2024-12-25 15:06:46 - root - INFO - Training RNN model...
2024-12-25 15:07:02 - root - INFO - Epoch 1/10, Loss: [1.54414165]
2024-12-25 15:07:17 - root - INFO - Epoch 2/10, Loss: [1.54415731]
2024-12-25 15:07:33 - root - INFO - Epoch 3/10, Loss: [1.54394766]
2024-12-25 15:07:49 - root - INFO - Epoch 4/10, Loss: [1.5441979]
2024-12-25 15:08:04 - root - INFO - Epoch 5/10, Loss: [1.54418732]
2024-12-25 15:08:19 - root - INFO - Epoch 6/10, Loss: [1.54396282]
2024-12-25 15:08:35 - root - INFO - Epoch 7/10, Loss: [1.54410856]
2024-12-25 15:08:50 - root - INFO - Epoch 8/10, Loss: [1.54414875]
2024-12-25 15:09:06 - root - INFO - Epoch 9/10, Loss: [1.54386693]
2024-12-25 15:09:21 - root - INFO - Epoch 10/10, Loss: [1.54383522]
2024-12-25 15:09:21 - root - INFO - Downsampling the validation dataset ...
2024-12-25 15:09:21 - root - INFO - Validation Dataset:       id                              movie   sentiment                                               text
0   2195                         CallOfDuty  Irrelevant  Fuck my mates #CallOfDuty #ModernWarfare #Call...
1  10212  PlayerUnknownsBattlegrounds(PUBG)  Irrelevant  Worst thing about #PUBG banned is that all the...
2   9895                  PlayStation5(PS5)  Irrelevant  Holy shit, how pissed off do you have to be to...
3   4925                GrandTheftAuto(GTA)  Irrelevant  Words of gratitude - trevorphilipsstanaccount:...
4  12444                       WorldOfCraft  Irrelevant  Very Nice Demon Hunter Blood Elf Statue!! \nPa..., Sentiment Distribution: sentiment
Irrelevant    17
Negative      17
Neutral       17
Positive      17
Name: count, dtype: int64
2024-12-25 15:09:37 - root - INFO - Evaluating RNN model...
2024-12-25 15:09:37 - root - INFO - RNN Accuracy: 0.25
