2024-12-25 16:02:33 - root - INFO - Loading BPE Model ...
2024-12-25 16:02:33 - root - INFO - Loading FastText Model ...
2024-12-25 16:02:33 - root - INFO - Model loaded from models/fasttext
2024-12-25 16:03:43 - root - INFO - Training SVM Model...
2024-12-25 16:03:43 - root - INFO - Training SVM for class 0
2024-12-25 16:03:43 - root - INFO - Epoch 0, Average Loss: 0.0308
2024-12-25 16:03:44 - root - INFO - Epoch 100, Average Loss: 945.2232
2024-12-25 16:03:45 - root - INFO - Epoch 200, Average Loss: 2722.7232
2024-12-25 16:03:46 - root - INFO - Epoch 300, Average Loss: 4500.2232
2024-12-25 16:03:46 - root - INFO - Epoch 400, Average Loss: 6277.7232
2024-12-25 16:03:47 - root - INFO - Epoch 500, Average Loss: 8055.2232
2024-12-25 16:03:48 - root - INFO - Epoch 600, Average Loss: 9832.7232
2024-12-25 16:03:48 - root - INFO - Epoch 700, Average Loss: 11610.2232
2024-12-25 16:03:49 - root - INFO - Epoch 800, Average Loss: 13387.7232
2024-12-25 16:03:50 - root - INFO - Epoch 900, Average Loss: 15165.2232
2024-12-25 16:03:51 - root - INFO - Training SVM for class 1
2024-12-25 16:03:51 - root - INFO - Epoch 0, Average Loss: 0.0160
2024-12-25 16:03:51 - root - INFO - Epoch 100, Average Loss: 945.0864
2024-12-25 16:03:52 - root - INFO - Epoch 200, Average Loss: 2722.5864
2024-12-25 16:03:53 - root - INFO - Epoch 300, Average Loss: 4500.0864
2024-12-25 16:03:53 - root - INFO - Epoch 400, Average Loss: 6277.5864
2024-12-25 16:03:54 - root - INFO - Epoch 500, Average Loss: 8055.0864
2024-12-25 16:03:55 - root - INFO - Epoch 600, Average Loss: 9832.5864
2024-12-25 16:03:55 - root - INFO - Epoch 700, Average Loss: 11610.0864
2024-12-25 16:03:56 - root - INFO - Epoch 800, Average Loss: 13387.5864
2024-12-25 16:03:57 - root - INFO - Epoch 900, Average Loss: 15165.0864
2024-12-25 16:03:58 - root - INFO - Training SVM for class 2
2024-12-25 16:03:58 - root - INFO - Epoch 0, Average Loss: 0.0201
2024-12-25 16:03:58 - root - INFO - Epoch 100, Average Loss: 668.3296
2024-12-25 16:03:59 - root - INFO - Epoch 200, Average Loss: 2445.8296
2024-12-25 16:04:00 - root - INFO - Epoch 300, Average Loss: 4223.3296
2024-12-25 16:04:00 - root - INFO - Epoch 400, Average Loss: 6000.8296
2024-12-25 16:04:01 - root - INFO - Epoch 500, Average Loss: 7778.3296
2024-12-25 16:04:02 - root - INFO - Epoch 600, Average Loss: 9555.8296
2024-12-25 16:04:02 - root - INFO - Epoch 700, Average Loss: 11333.3296
2024-12-25 16:04:03 - root - INFO - Epoch 800, Average Loss: 13110.8296
2024-12-25 16:04:04 - root - INFO - Epoch 900, Average Loss: 14888.3296
2024-12-25 16:04:05 - root - INFO - Training SVM for class 3
2024-12-25 16:04:05 - root - INFO - Epoch 0, Average Loss: 0.0254
2024-12-25 16:04:05 - root - INFO - Epoch 100, Average Loss: 931.4978
2024-12-25 16:04:06 - root - INFO - Epoch 200, Average Loss: 2708.9978
2024-12-25 16:04:07 - root - INFO - Epoch 300, Average Loss: 4486.4978
2024-12-25 16:04:07 - root - INFO - Epoch 400, Average Loss: 6263.9978
2024-12-25 16:04:08 - root - INFO - Epoch 500, Average Loss: 8041.4978
2024-12-25 16:04:09 - root - INFO - Epoch 600, Average Loss: 9818.9978
2024-12-25 16:04:10 - root - INFO - Epoch 700, Average Loss: 11596.4978
2024-12-25 16:04:10 - root - INFO - Epoch 800, Average Loss: 13373.9978
2024-12-25 16:04:11 - root - INFO - Epoch 900, Average Loss: 15151.4978
2024-12-25 16:04:12 - root - INFO - Final average loss across all classifiers: 16852.2592
2024-12-25 16:04:27 - root - INFO - Evaluating SVM Model...
2024-12-25 16:04:27 - root - INFO - SVM Accuracy: 0.25
2024-12-25 16:04:27 - root - INFO - SVM Loss: 0.75
