2024-12-25 15:44:25 - root - INFO - Loading BPE Model ...
2024-12-25 15:44:25 - root - INFO - Loading FastText Model ...
2024-12-25 15:44:25 - root - INFO - Model loaded from models/fasttext
2024-12-25 15:44:26 - root - INFO - Downsampling the dataset ...
2024-12-25 15:44:26 - root - INFO - Training Dataset:       id              movie   sentiment                                               text
0   9618  PlayStation5(PS5)  Irrelevant  I wish a nigga would do some shit like this......
1   4183              CS-GO  Irrelevant                                        s1mple blog
2  11662            Verizon  Irrelevant  my dad basically cant see more than 6 inches i...
3   9550          Overwatch  Irrelevant  This is my absolute favorite video of all time...
4   3079              Dota2  Irrelevant  And Nice mango farm u will probably earn a lot..., Sentiment Distribution: sentiment
Irrelevant    79
Negative      79
Neutral       79
Positive      79
Name: count, dtype: int64
2024-12-25 15:45:36 - root - INFO - Training the KNN Model ...
2024-12-25 15:45:36 - root - INFO - Training RNN model...
2024-12-25 15:45:56 - root - INFO - Epoch 1/10, Loss: [1.56976709]
2024-12-25 15:46:18 - root - INFO - Epoch 2/10, Loss: [1.56343099]
2024-12-25 15:46:36 - root - INFO - Epoch 3/10, Loss: [1.56546001]
2024-12-25 15:46:55 - root - INFO - Epoch 4/10, Loss: [1.57562768]
2024-12-25 15:47:15 - root - INFO - Epoch 5/10, Loss: [1.57017058]
2024-12-25 15:47:34 - root - INFO - Epoch 6/10, Loss: [1.56200108]
2024-12-25 15:47:54 - root - INFO - Epoch 7/10, Loss: [1.57147736]
2024-12-25 15:48:17 - root - INFO - Epoch 8/10, Loss: [1.56838598]
2024-12-25 15:48:36 - root - INFO - Epoch 9/10, Loss: [1.55658123]
2024-12-25 15:49:01 - root - INFO - Epoch 10/10, Loss: [1.53812871]
2024-12-25 15:49:01 - root - INFO - Downsampling the validation dataset ...
2024-12-25 15:49:01 - root - INFO - Validation Dataset:       id                              movie   sentiment                                               text
0   2195                         CallOfDuty  Irrelevant  Fuck my mates #CallOfDuty #ModernWarfare #Call...
1  10212  PlayerUnknownsBattlegrounds(PUBG)  Irrelevant  Worst thing about #PUBG banned is that all the...
2   9895                  PlayStation5(PS5)  Irrelevant  Holy shit, how pissed off do you have to be to...
3   4925                GrandTheftAuto(GTA)  Irrelevant  Words of gratitude - trevorphilipsstanaccount:...
4  12444                       WorldOfCraft  Irrelevant  Very Nice Demon Hunter Blood Elf Statue!! \nPa..., Sentiment Distribution: sentiment
Irrelevant    17
Negative      17
Neutral       17
Positive      17
Name: count, dtype: int64
2024-12-25 15:49:17 - root - INFO - Evaluating RNN model...
2024-12-25 15:49:17 - root - INFO - RNN Accuracy: 0.2647058823529412
2024-12-25 15:49:17 - root - INFO - RNN Test Loss: [1.39198537]
