2024-12-25 14:25:10 - root - INFO - Loading BPE Model ...
2024-12-25 14:25:10 - root - INFO - Loading FastText Model ...
2024-12-25 14:25:10 - root - INFO - Model loaded from models/fasttext
2024-12-25 14:25:10 - root - INFO - Downsampling the dataset ...
2024-12-25 14:25:10 - root - INFO - Training Dataset:       id              movie   sentiment                                               text
0   9618  PlayStation5(PS5)  Irrelevant  I wish a nigga would do some shit like this......
1   4183              CS-GO  Irrelevant                                        s1mple blog
2  11662            Verizon  Irrelevant  my dad basically cant see more than 6 inches i...
3   9550          Overwatch  Irrelevant  This is my absolute favorite video of all time...
4   3079              Dota2  Irrelevant  And Nice mango farm u will probably earn a lot..., Sentiment Distribution: sentiment
Irrelevant    79
Negative      79
Neutral       79
Positive      79
Name: count, dtype: int64
2024-12-25 14:26:20 - root - INFO - Training the KNN Model ...
2024-12-25 14:26:33 - root - INFO - Epoch 1/10, Loss: 1.5458
2024-12-25 14:26:50 - root - INFO - Epoch 2/10, Loss: 1.5462
2024-12-25 14:27:02 - root - INFO - Epoch 3/10, Loss: 1.5446
2024-12-25 14:27:15 - root - INFO - Epoch 4/10, Loss: 1.5441
2024-12-25 14:27:27 - root - INFO - Epoch 5/10, Loss: 1.5450
2024-12-25 14:27:40 - root - INFO - Epoch 6/10, Loss: 1.5451
2024-12-25 14:27:51 - root - INFO - Epoch 7/10, Loss: 1.5449
2024-12-25 14:28:02 - root - INFO - Epoch 8/10, Loss: 1.5438
2024-12-25 14:28:12 - root - INFO - Epoch 9/10, Loss: 1.5444
2024-12-25 14:28:22 - root - INFO - Epoch 10/10, Loss: 1.5443
2024-12-25 14:28:22 - root - INFO - Downsampling the validation dataset ...
2024-12-25 14:28:22 - root - INFO - Validation Dataset:       id                              movie   sentiment                                               text
0   2195                         CallOfDuty  Irrelevant  Fuck my mates #CallOfDuty #ModernWarfare #Call...
1  10212  PlayerUnknownsBattlegrounds(PUBG)  Irrelevant  Worst thing about #PUBG banned is that all the...
2   9895                  PlayStation5(PS5)  Irrelevant  Holy shit, how pissed off do you have to be to...
3   4925                GrandTheftAuto(GTA)  Irrelevant  Words of gratitude - trevorphilipsstanaccount:...
4  12444                       WorldOfCraft  Irrelevant  Very Nice Demon Hunter Blood Elf Statue!! \nPa..., Sentiment Distribution: sentiment
Irrelevant    17
Negative      17
Neutral       17
Positive      17
Name: count, dtype: int64
